** Message: 17:49:32.895: environement.vala:58: Exporting primary_variable
** Message: 17:49:32.895: environement.vala:59: desktop_environnement XDG_CURRENT_DESKTOP
** Message: 17:49:32.895: environement.vala:150: confir_dirs is null, export : /etc/xdg
** Message: 17:49:32.895: environement.vala:184: Exporting XDG_CONFIG_DIRS
** Message: 17:49:32.895: environement.vala:218: custom_data :
** Message: 17:49:32.896: environement.vala:219: data_dirs :/usr/local/share:/usr/share/raspi-ui-overrides:/usr/share:/usr/share/gdm:/var/lib/menu-xdg
** Message: 17:49:32.896: environement.vala:220: data_dirs not null, export : /usr/local/share:/usr/share/raspi-ui-overrides:/usr/share:/usr/share/gdm:/var/lib/menu-xdg
** Message: 17:49:32.896: environement.vala:225: Exporting XDG_DATA_DIRS
** Message: 17:49:32.897: utils.vala:138: Config system location : /etc/xdg/lxsession/LXDE-pi
** Message: 17:49:32.898: utils.vala:144: System system path location : /etc/xdg/lxsession/LXDE-pi/desktop.conf
** Message: 17:49:32.898: utils.vala:148: Final file used : /etc/xdg/lxsession/LXDE-pi/desktop.conf
** Message: 17:49:32.898: utils.vala:39: Config system location : /etc/xdg/lxsession/LXDE-pi
** Message: 17:49:32.899: utils.vala:45: System system path location : /etc/xdg/lxsession/LXDE-pi/desktop.conf

** (lxsession:594): WARNING **: 17:49:32.901: utils.vala:70: No such file or directory
** Message: 17:49:32.902: settings.vala:540: Key file does not have key “iGtk/ColorScheme” in group “GTK”
** Message: 17:49:32.902: settings.vala:540: Key file does not have key “windows_manager/command” in group “Session”
** Message: 17:49:32.902: settings.vala:540: Key file does not have key “panel/command” in group “Session”
** Message: 17:49:32.902: settings.vala:540: Key file does not have key “dock/command” in group “Session”
** Message: 17:49:32.902: settings.vala:540: Key file does not have key “file_manager/command” in group “Session”
** Message: 17:49:32.902: settings.vala:540: Key file does not have key “desktop_manager/command” in group “Session”
** Message: 17:49:32.903: settings.vala:540: Key file does not have key “launcher_manager/autostart” in group “Session”
** Message: 17:49:32.903: settings.vala:540: Key file does not have key “composite_manager/command” in group “Session”
** Message: 17:49:32.903: settings.vala:540: Key file does not have key “im1/command” in group “Session”
** Message: 17:49:32.903: settings.vala:540: Key file does not have key “im2/command” in group “Session”
** Message: 17:49:32.903: settings.vala:540: Key file does not have key “widget1/command” in group “Session”
** Message: 17:49:32.903: settings.vala:540: Key file does not have key “notification/command” in group “Session”
** Message: 17:49:32.903: settings.vala:540: Key file does not have key “keybindings/command” in group “Session”
** Message: 17:49:32.903: settings.vala:540: Key file does not have key “im_manager/command” in group “Session”
** Message: 17:49:32.903: settings.vala:540: Key file does not have key “screensaver/command” in group “Session”
** Message: 17:49:32.904: settings.vala:540: Key file does not have key “power_manager/command” in group “Session”
** Message: 17:49:32.904: settings.vala:540: Key file does not have key “audio_manager/command” in group “Session”
** Message: 17:49:32.904: settings.vala:540: Key file does not have key “workspace_manager/command” in group “Session”
** Message: 17:49:32.904: settings.vala:540: Key file does not have key “screenshot_manager/command” in group “Session”
** Message: 17:49:32.904: settings.vala:540: Key file does not have key “message_manager/command” in group “Session”
** Message: 17:49:32.904: settings.vala:540: Key file does not have key “upgrade_manager/command” in group “Session”
** Message: 17:49:32.905: settings.vala:540: Key file does not have key “updates_manager/command” in group “Session”
** Message: 17:49:32.905: settings.vala:540: Key file does not have key “updates_manager/timeout” in group “Session”
** Message: 17:49:32.905: settings.vala:540: Key file does not have key “crash_manager/command” in group “Session”
** Message: 17:49:32.905: settings.vala:540: Key file does not have key “crash_manager/dev_mode” in group “Session”
** Message: 17:49:32.905: settings.vala:540: Key file does not have key “crash_manager/timeout” in group “Session”
** Message: 17:49:32.905: settings.vala:540: Key file does not have key “upstart_user_session” in group “Session”
** Message: 17:49:32.906: settings.vala:540: Key file does not have key “proxy_manager/http” in group “Session”
** Message: 17:49:32.906: settings.vala:540: Key file does not have key “a11y/command” in group “Session”
** Message: 17:49:32.906: settings.vala:540: Key file does not have key “xrandr/command” in group “Session”
** Message: 17:49:32.906: settings.vala:540: Key file does not have key “network_gui/command” in group “Session”
** Message: 17:49:32.906: settings.vala:540: Key file does not have key “webbrowser/command” in group “Session”
** Message: 17:49:32.906: settings.vala:540: Key file does not have key “email/command” in group “Session”
** Message: 17:49:32.906: settings.vala:540: Key file does not have key “pdf_reader/command” in group “Session”
** Message: 17:49:32.907: settings.vala:540: Key file does not have key “video_player/command” in group “Session”
** Message: 17:49:32.907: settings.vala:540: Key file does not have key “audio_player/command” in group “Session”
** Message: 17:49:32.907: settings.vala:540: Key file does not have key “images_display/command” in group “Session”
** Message: 17:49:32.907: settings.vala:540: Key file does not have key “text_editor/command” in group “Session”
** Message: 17:49:32.907: settings.vala:540: Key file does not have key “archive/command” in group “Session”
** Message: 17:49:32.908: settings.vala:540: Key file does not have key “charmap/command” in group “Session”
** Message: 17:49:32.908: settings.vala:540: Key file does not have key “calculator/command” in group “Session”
** Message: 17:49:32.908: settings.vala:540: Key file does not have key “spreadsheet/command” in group “Session”
** Message: 17:49:32.908: settings.vala:540: Key file does not have key “bittorent/command” in group “Session”
** Message: 17:49:32.908: settings.vala:540: Key file does not have key “document/command” in group “Session”
** Message: 17:49:32.908: settings.vala:540: Key file does not have key “webcam/command” in group “Session”
** Message: 17:49:32.908: settings.vala:540: Key file does not have key “burn/command” in group “Session”
** Message: 17:49:32.909: settings.vala:540: Key file does not have key “notes/command” in group “Session”
** Message: 17:49:32.909: settings.vala:540: Key file does not have key “disk_utility/command” in group “Session”
** Message: 17:49:32.909: settings.vala:540: Key file does not have key “tasks/command” in group “Session”
** Message: 17:49:32.909: settings.vala:540: Key file does not have group “Keymap”
** Message: 17:49:32.909: settings.vala:540: Key file does not have key “laptop_mode” in group “State”
** Message: 17:49:32.909: settings.vala:540: Key file does not have key “gnome” in group “Dbus”
** Message: 17:49:32.909: settings.vala:540: Key file does not have key “type” in group “Environment”
** Message: 17:49:32.910: settings.vala:540: Key file does not have key “ubuntu_menuproxy” in group “Environment”
** Message: 17:49:32.910: settings.vala:540: Key file does not have key “toolkit_integration” in group “Environment”
** Message: 17:49:32.910: settings.vala:540: Key file does not have key “gtk/overlay_scrollbar_disable” in group “Environment”
** Message: 17:49:32.910: settings.vala:540: Key file does not have key “qt/force_theme” in group “Environment”
** Message: 17:49:32.910: settings.vala:540: Key file does not have key “qt/platform” in group “Environment”
** Message: 17:49:32.912: settings.vala:462: Monitoring: /etc/xdg/lxsession/LXDE-pi/desktop.conf
** Message: 17:49:32.912: settings.vala:470: Desktop file is not in config home, monitoring creation of it
** Message: 17:49:32.913: settings.vala:485: Monitoring home path: /home/pi/.config/lxsession/LXDE-pi/desktop.conf
** Message: 17:49:32.913: environement.vala:79: Exporting variable
** Message: 17:49:32.913: environement.vala:80: desktop_environnement XDG_CURRENT_DESKTOP
** Message: 17:49:32.914: environement.vala:177: custom_config :
** Message: 17:49:32.914: environement.vala:178: config_dirs :/etc/xdg
** Message: 17:49:32.914: environement.vala:179: confir_dirs not null, export : /etc/xdg
** Message: 17:49:32.914: environement.vala:184: Exporting XDG_CONFIG_DIRS
** Message: 17:49:32.914: environement.vala:218: custom_data :
** Message: 17:49:32.914: environement.vala:219: data_dirs :/usr/local/share:/usr/share/raspi-ui-overrides:/usr/share:/usr/share/gdm:/var/lib/menu-xdg
** Message: 17:49:32.914: environement.vala:220: data_dirs not null, export : /usr/local/share:/usr/share/raspi-ui-overrides:/usr/share:/usr/share/gdm:/var/lib/menu-xdg
** Message: 17:49:32.914: environement.vala:225: Exporting XDG_DATA_DIRS
** Message: 17:49:32.914: utils.vala:39: Config system location : /etc/xdg/lxsession/LXDE-pi
** Message: 17:49:32.915: utils.vala:45: System system path location : /etc/xdg/lxsession/LXDE-pi/desktop.conf

** (lxsession:594): WARNING **: 17:49:32.915: utils.vala:70: No such file or directory
** Message: 17:49:32.915: environement.vala:254: No entry in [Environment_variable]. Key file does not have group “Environment_variable”
** Message: 17:49:32.924: utils.vala:138: Config system location : /etc/xdg/lxsession/LXDE-pi
** Message: 17:49:32.924: utils.vala:144: System system path location : /etc/xdg/lxsession/LXDE-pi/conffiles.conf
** Message: 17:49:32.924: utils.vala:148: Final file used : /etc/xdg/lxsession/LXDE-pi/conffiles.conf
** Message: 17:49:32.924: options.vala:164: Activate xsettings_manager build-in
** Message: 17:49:32.924: utils.vala:39: Config system location : /etc/xdg/lxsession/LXDE-pi
** Message: 17:49:32.924: utils.vala:45: System system path location : /etc/xdg/lxsession/LXDE-pi/desktop.conf

** (lxsession:594): WARNING **: 17:49:32.925: utils.vala:70: No such file or directory
xprop:  no such property "_NET_NUMBER_OF_DESKTOPS"
xprop:  no such property "_NET_DESKTOP_NAMES"
** Message: 17:49:32.983: app.vala:721: polkit separate
** Message: 17:49:32.984: app.vala:721: polkit separate
** Message: 17:49:33.037: app.vala:76: Launching lxpolkit 
** Message: 17:49:33.037: utils.vala:138: Config system location : /etc/xdg/lxsession/LXDE-pi
** Message: 17:49:33.038: utils.vala:144: System system path location : /etc/xdg/lxsession/LXDE-pi/autostart
** Message: 17:49:33.039: utils.vala:148: Final file used : /etc/xdg/lxsession/LXDE-pi/autostart
** Message: 17:49:33.047: autostart.vala:42: Autostart path : /etc/xdg/lxsession/LXDE-pi/autostart
** Message: 17:49:33.114: app.vala:76: Launching lxpanel 
** Message: 17:49:33.197: app.vala:76: Launching pcmanfm 

** (lxsession:594): WARNING **: 17:49:33.223: app.vala:86: Failed to execute child process “xscreensaver” (No such file or directory)

** (lxsession:594): WARNING **: 17:49:33.223: app.vala:87: Error when launching xscreensaver
** Message: 17:49:33.243: options.vala:107: Create build-in Clipboard
** Message: 17:49:33.247: main.vala:441: Check keymap_mode (null)
** Message: 17:49:33.264: app.vala:76: Launching /usr/bin/ssh-agent 
SSH_AUTH_SOCK=/tmp/ssh-VPaCNas6d7bN/agent.723; export SSH_AUTH_SOCK;
SSH_AGENT_PID=728; export SSH_AGENT_PID;
echo Agent pid 728;
** Message: 17:49:33.486: app.vala:130: /usr/bin/ssh-agent exit with this type of exit: 0
** Message: 17:49:33.981: x-terminal-emulator has very limited support, consider choose another terminal
** Message: 17:49:33.982: x-terminal-emulator has very limited support, consider choose another terminal
grep: /home/pi/.config/lxpanel/LXDE-pi/panels/*: No such file or directory
Openbox-Message: Unable to find a valid menu file "/usr/share/lxde/openbox/menu.xml"
** Message: 17:49:38.477: Connecting ...
** Message: 17:49:38.479: Status changed to down
xrandr: Failed to get size of gamma for output default
Unit pt-device-manager.service could not be found.

** (lxpanel:718): WARNING **: 17:49:39.076: Battery 0 not found
** Message: 17:49:39.579: Status changed to opened
** Message: 17:49:39.579: Connected to dhcpcd-8.1.2
** Message: 17:49:39.584: Status changed to connected
** Message: 17:49:39.584: eth0: CARRIER
** Message: 17:49:39.585: eth0: Configured 192.168.0.46/24
** Message: 17:49:39.585: eth0: ROUTERADVERT
** Message: 17:49:39.585: eth0: Configured 2600:8807:c040:4a00::fa0c/128
** Message: 17:49:39.585: wlan0: Not associated
** Message: 17:49:39.590: wlan0: WPA status connected
** Message: 17:49:39.590: wlan0: Received scan results

(lxpanel:718): Gtk-CRITICAL **: 17:49:40.118: IA__gtk_image_set_from_pixbuf: assertion 'GTK_IS_IMAGE (image)' failed
Playing WAVE '/usr/share/piwiz/srprompt.wav' : Signed 16 bit Little Endian, Rate 22050 Hz, Mono
Playing WAVE '/usr/share/piwiz/srprompt.wav' : Signed 16 bit Little Endian, Rate 22050 Hz, Mono
Playing WAVE '/usr/share/piwiz/srprompt.wav' : Signed 16 bit Little Endian, Rate 22050 Hz, Mono
Playing WAVE '/usr/share/piwiz/srprompt.wav' : Signed 16 bit Little Endian, Rate 22050 Hz, Mono
Playing WAVE '/usr/share/piwiz/srprompt.wav' : Signed 16 bit Little Endian, Rate 22050 Hz, Mono
Playing WAVE '/usr/share/piwiz/srprompt.wav' : Signed 16 bit Little Endian, Rate 22050 Hz, Mono
Playing WAVE '/usr/share/piwiz/srprompt.wav' : Signed 16 bit Little Endian, Rate 22050 Hz, Mono
Playing WAVE '/usr/share/piwiz/srprompt.wav' : Signed 16 bit Little Endian, Rate 22050 Hz, Mono
Playing WAVE '/usr/share/piwiz/srprompt.wav' : Signed 16 bit Little Endian, Rate 22050 Hz, Mono
Playing WAVE '/usr/share/piwiz/srprompt.wav' : Signed 16 bit Little Endian, Rate 22050 Hz, Mono
Playing WAVE '/usr/share/piwiz/srprompt.wav' : Signed 16 bit Little Endian, Rate 22050 Hz, Mono
Playing WAVE '/usr/share/piwiz/srprompt.wav' : Signed 16 bit Little Endian, Rate 22050 Hz, Mono
Playing WAVE '/usr/share/piwiz/srprompt.wav' : Signed 16 bit Little Endian, Rate 22050 Hz, Mono
Playing WAVE '/usr/share/piwiz/srprompt.wav' : Signed 16 bit Little Endian, Rate 22050 Hz, Mono
Playing WAVE '/usr/share/piwiz/srprompt.wav' : Signed 16 bit Little Endian, Rate 22050 Hz, Mono
Playing WAVE '/usr/share/piwiz/srprompt.wav' : Signed 16 bit Little Endian, Rate 22050 Hz, Mono
Playing WAVE '/usr/share/piwiz/srprompt.wav' : Signed 16 bit Little Endian, Rate 22050 Hz, Mono
Playing WAVE '/usr/share/piwiz/srprompt.wav' : Signed 16 bit Little Endian, Rate 22050 Hz, Mono
Playing WAVE '/usr/share/piwiz/srprompt.wav' : Signed 16 bit Little Endian, Rate 22050 Hz, Mono
Playing WAVE '/usr/share/piwiz/srprompt.wav' : Signed 16 bit Little Endian, Rate 22050 Hz, Mono
Playing WAVE '/usr/share/piwiz/srprompt.wav' : Signed 16 bit Little Endian, Rate 22050 Hz, Mono
Playing WAVE '/usr/share/piwiz/srprompt.wav' : Signed 16 bit Little Endian, Rate 22050 Hz, Mono
Playing WAVE '/usr/share/piwiz/srprompt.wav' : Signed 16 bit Little Endian, Rate 22050 Hz, Mono
Playing WAVE '/usr/share/piwiz/srprompt.wav' : Signed 16 bit Little Endian, Rate 22050 Hz, Mono
Playing WAVE '/usr/share/piwiz/srprompt.wav' : Signed 16 bit Little Endian, Rate 22050 Hz, Mono
Playing WAVE '/usr/share/piwiz/srprompt.wav' : Signed 16 bit Little Endian, Rate 22050 Hz, Mono
Playing WAVE '/usr/share/piwiz/srprompt.wav' : Signed 16 bit Little Endian, Rate 22050 Hz, Mono
Playing WAVE '/usr/share/piwiz/srprompt.wav' : Signed 16 bit Little Endian, Rate 22050 Hz, Mono
Playing WAVE '/usr/share/piwiz/srprompt.wav' : Signed 16 bit Little Endian, Rate 22050 Hz, Mono
Playing WAVE '/usr/share/piwiz/srprompt.wav' : Signed 16 bit Little Endian, Rate 22050 Hz, Mono
Playing WAVE '/usr/share/piwiz/srprompt.wav' : Signed 16 bit Little Endian, Rate 22050 Hz, Mono
Playing WAVE '/usr/share/piwiz/srprompt.wav' : Signed 16 bit Little Endian, Rate 22050 Hz, Mono
Playing WAVE '/usr/share/piwiz/srprompt.wav' : Signed 16 bit Little Endian, Rate 22050 Hz, Mono
Playing WAVE '/usr/share/piwiz/srprompt.wav' : Signed 16 bit Little Endian, Rate 22050 Hz, Mono
Playing WAVE '/usr/share/piwiz/srprompt.wav' : Signed 16 bit Little Endian, Rate 22050 Hz, Mono
Playing WAVE '/usr/share/piwiz/srprompt.wav' : Signed 16 bit Little Endian, Rate 22050 Hz, Mono
Playing WAVE '/usr/share/piwiz/srprompt.wav' : Signed 16 bit Little Endian, Rate 22050 Hz, Mono
Playing WAVE '/usr/share/piwiz/srprompt.wav' : Signed 16 bit Little Endian, Rate 22050 Hz, Mono
Playing WAVE '/usr/share/piwiz/srprompt.wav' : Signed 16 bit Little Endian, Rate 22050 Hz, Mono
Playing WAVE '/usr/share/piwiz/srprompt.wav' : Signed 16 bit Little Endian, Rate 22050 Hz, Mono
Playing WAVE '/usr/share/piwiz/srprompt.wav' : Signed 16 bit Little Endian, Rate 22050 Hz, Mono
Playing WAVE '/usr/share/piwiz/srprompt.wav' : Signed 16 bit Little Endian, Rate 22050 Hz, Mono
Playing WAVE '/usr/share/piwiz/srprompt.wav' : Signed 16 bit Little Endian, Rate 22050 Hz, Mono
Playing WAVE '/usr/share/piwiz/srprompt.wav' : Signed 16 bit Little Endian, Rate 22050 Hz, Mono
Playing WAVE '/usr/share/piwiz/srprompt.wav' : Signed 16 bit Little Endian, Rate 22050 Hz, Mono
Playing WAVE '/usr/share/piwiz/srprompt.wav' : Signed 16 bit Little Endian, Rate 22050 Hz, Mono
Playing WAVE '/usr/share/piwiz/srprompt.wav' : Signed 16 bit Little Endian, Rate 22050 Hz, Mono
Playing WAVE '/usr/share/piwiz/srprompt.wav' : Signed 16 bit Little Endian, Rate 22050 Hz, Mono
Playing WAVE '/usr/share/piwiz/srprompt.wav' : Signed 16 bit Little Endian, Rate 22050 Hz, Mono
Playing WAVE '/usr/share/piwiz/srprompt.wav' : Signed 16 bit Little Endian, Rate 22050 Hz, Mono
Playing WAVE '/usr/share/piwiz/srprompt.wav' : Signed 16 bit Little Endian, Rate 22050 Hz, Mono
Playing WAVE '/usr/share/piwiz/srprompt.wav' : Signed 16 bit Little Endian, Rate 22050 Hz, Mono
Playing WAVE '/usr/share/piwiz/srprompt.wav' : Signed 16 bit Little Endian, Rate 22050 Hz, Mono
Playing WAVE '/usr/share/piwiz/srprompt.wav' : Signed 16 bit Little Endian, Rate 22050 Hz, Mono
Playing WAVE '/usr/share/piwiz/srprompt.wav' : Signed 16 bit Little Endian, Rate 22050 Hz, Mono
Playing WAVE '/usr/share/piwiz/srprompt.wav' : Signed 16 bit Little Endian, Rate 22050 Hz, Mono
Playing WAVE '/usr/share/piwiz/srprompt.wav' : Signed 16 bit Little Endian, Rate 22050 Hz, Mono
Playing WAVE '/usr/share/piwiz/srprompt.wav' : Signed 16 bit Little Endian, Rate 22050 Hz, Mono
Playing WAVE '/usr/share/piwiz/srprompt.wav' : Signed 16 bit Little Endian, Rate 22050 Hz, Mono
Playing WAVE '/usr/share/piwiz/srprompt.wav' : Signed 16 bit Little Endian, Rate 22050 Hz, Mono
Playing WAVE '/usr/share/piwiz/srprompt.wav' : Signed 16 bit Little Endian, Rate 22050 Hz, Mono
Playing WAVE '/usr/share/piwiz/srprompt.wav' : Signed 16 bit Little Endian, Rate 22050 Hz, Mono
Playing WAVE '/usr/share/piwiz/srprompt.wav' : Signed 16 bit Little Endian, Rate 22050 Hz, Mono
Playing WAVE '/usr/share/piwiz/srprompt.wav' : Signed 16 bit Little Endian, Rate 22050 Hz, Mono
Playing WAVE '/usr/share/piwiz/srprompt.wav' : Signed 16 bit Little Endian, Rate 22050 Hz, Mono
Playing WAVE '/usr/share/piwiz/srprompt.wav' : Signed 16 bit Little Endian, Rate 22050 Hz, Mono
Playing WAVE '/usr/share/piwiz/srprompt.wav' : Signed 16 bit Little Endian, Rate 22050 Hz, Mono
Playing WAVE '/usr/share/piwiz/srprompt.wav' : Signed 16 bit Little Endian, Rate 22050 Hz, Mono
Playing WAVE '/usr/share/piwiz/srprompt.wav' : Signed 16 bit Little Endian, Rate 22050 Hz, Mono
Playing WAVE '/usr/share/piwiz/srprompt.wav' : Signed 16 bit Little Endian, Rate 22050 Hz, Mono
Playing WAVE '/usr/share/piwiz/srprompt.wav' : Signed 16 bit Little Endian, Rate 22050 Hz, Mono
Playing WAVE '/usr/share/piwiz/srprompt.wav' : Signed 16 bit Little Endian, Rate 22050 Hz, Mono
Playing WAVE '/usr/share/piwiz/srprompt.wav' : Signed 16 bit Little Endian, Rate 22050 Hz, Mono
Playing WAVE '/usr/share/piwiz/srprompt.wav' : Signed 16 bit Little Endian, Rate 22050 Hz, Mono
Playing WAVE '/usr/share/piwiz/srprompt.wav' : Signed 16 bit Little Endian, Rate 22050 Hz, Mono
Playing WAVE '/usr/share/piwiz/srprompt.wav' : Signed 16 bit Little Endian, Rate 22050 Hz, Mono
Playing WAVE '/usr/share/piwiz/srprompt.wav' : Signed 16 bit Little Endian, Rate 22050 Hz, Mono
Playing WAVE '/usr/share/piwiz/srprompt.wav' : Signed 16 bit Little Endian, Rate 22050 Hz, Mono
Playing WAVE '/usr/share/piwiz/srprompt.wav' : Signed 16 bit Little Endian, Rate 22050 Hz, Mono
Playing WAVE '/usr/share/piwiz/srprompt.wav' : Signed 16 bit Little Endian, Rate 22050 Hz, Mono
Playing WAVE '/usr/share/piwiz/srprompt.wav' : Signed 16 bit Little Endian, Rate 22050 Hz, Mono
Playing WAVE '/usr/share/piwiz/srprompt.wav' : Signed 16 bit Little Endian, Rate 22050 Hz, Mono
Playing WAVE '/usr/share/piwiz/srprompt.wav' : Signed 16 bit Little Endian, Rate 22050 Hz, Mono
Playing WAVE '/usr/share/piwiz/srprompt.wav' : Signed 16 bit Little Endian, Rate 22050 Hz, Mono
Playing WAVE '/usr/share/piwiz/srprompt.wav' : Signed 16 bit Little Endian, Rate 22050 Hz, Mono
Playing WAVE '/usr/share/piwiz/srprompt.wav' : Signed 16 bit Little Endian, Rate 22050 Hz, Mono
Playing WAVE '/usr/share/piwiz/srprompt.wav' : Signed 16 bit Little Endian, Rate 22050 Hz, Mono
Playing WAVE '/usr/share/piwiz/srprompt.wav' : Signed 16 bit Little Endian, Rate 22050 Hz, Mono
Playing WAVE '/usr/share/piwiz/srprompt.wav' : Signed 16 bit Little Endian, Rate 22050 Hz, Mono
Playing WAVE '/usr/share/piwiz/srprompt.wav' : Signed 16 bit Little Endian, Rate 22050 Hz, Mono
Playing WAVE '/usr/share/piwiz/srprompt.wav' : Signed 16 bit Little Endian, Rate 22050 Hz, Mono
Playing WAVE '/usr/share/piwiz/srprompt.wav' : Signed 16 bit Little Endian, Rate 22050 Hz, Mono
Playing WAVE '/usr/share/piwiz/srprompt.wav' : Signed 16 bit Little Endian, Rate 22050 Hz, Mono
Playing WAVE '/usr/share/piwiz/srprompt.wav' : Signed 16 bit Little Endian, Rate 22050 Hz, Mono
Playing WAVE '/usr/share/piwiz/srprompt.wav' : Signed 16 bit Little Endian, Rate 22050 Hz, Mono
Playing WAVE '/usr/share/piwiz/srprompt.wav' : Signed 16 bit Little Endian, Rate 22050 Hz, Mono
Playing WAVE '/usr/share/piwiz/srprompt.wav' : Signed 16 bit Little Endian, Rate 22050 Hz, Mono
Playing WAVE '/usr/share/piwiz/srprompt.wav' : Signed 16 bit Little Endian, Rate 22050 Hz, Mono
Playing WAVE '/usr/share/piwiz/srprompt.wav' : Signed 16 bit Little Endian, Rate 22050 Hz, Mono
Playing WAVE '/usr/share/piwiz/srprompt.wav' : Signed 16 bit Little Endian, Rate 22050 Hz, Mono
Playing WAVE '/usr/share/piwiz/srprompt.wav' : Signed 16 bit Little Endian, Rate 22050 Hz, Mono
Playing WAVE '/usr/share/piwiz/srprompt.wav' : Signed 16 bit Little Endian, Rate 22050 Hz, Mono
Playing WAVE '/usr/share/piwiz/srprompt.wav' : Signed 16 bit Little Endian, Rate 22050 Hz, Mono
Playing WAVE '/usr/share/piwiz/srprompt.wav' : Signed 16 bit Little Endian, Rate 22050 Hz, Mono
Playing WAVE '/usr/share/piwiz/srprompt.wav' : Signed 16 bit Little Endian, Rate 22050 Hz, Mono
Playing WAVE '/usr/share/piwiz/srprompt.wav' : Signed 16 bit Little Endian, Rate 22050 Hz, Mono
Playing WAVE '/usr/share/piwiz/srprompt.wav' : Signed 16 bit Little Endian, Rate 22050 Hz, Mono
Playing WAVE '/usr/share/piwiz/srprompt.wav' : Signed 16 bit Little Endian, Rate 22050 Hz, Mono
Playing WAVE '/usr/share/piwiz/srprompt.wav' : Signed 16 bit Little Endian, Rate 22050 Hz, Mono
Playing WAVE '/usr/share/piwiz/srprompt.wav' : Signed 16 bit Little Endian, Rate 22050 Hz, Mono
Playing WAVE '/usr/share/piwiz/srprompt.wav' : Signed 16 bit Little Endian, Rate 22050 Hz, Mono
Playing WAVE '/usr/share/piwiz/srprompt.wav' : Signed 16 bit Little Endian, Rate 22050 Hz, Mono
Playing WAVE '/usr/share/piwiz/srprompt.wav' : Signed 16 bit Little Endian, Rate 22050 Hz, Mono
Playing WAVE '/usr/share/piwiz/srprompt.wav' : Signed 16 bit Little Endian, Rate 22050 Hz, Mono
Playing WAVE '/usr/share/piwiz/srprompt.wav' : Signed 16 bit Little Endian, Rate 22050 Hz, Mono
Playing WAVE '/usr/share/piwiz/srprompt.wav' : Signed 16 bit Little Endian, Rate 22050 Hz, Mono
Playing WAVE '/usr/share/piwiz/srprompt.wav' : Signed 16 bit Little Endian, Rate 22050 Hz, Mono
Playing WAVE '/usr/share/piwiz/srprompt.wav' : Signed 16 bit Little Endian, Rate 22050 Hz, Mono
Playing WAVE '/usr/share/piwiz/srprompt.wav' : Signed 16 bit Little Endian, Rate 22050 Hz, Mono
Playing WAVE '/usr/share/piwiz/srprompt.wav' : Signed 16 bit Little Endian, Rate 22050 Hz, Mono
Playing WAVE '/usr/share/piwiz/srprompt.wav' : Signed 16 bit Little Endian, Rate 22050 Hz, Mono
Playing WAVE '/usr/share/piwiz/srprompt.wav' : Signed 16 bit Little Endian, Rate 22050 Hz, Mono
Playing WAVE '/usr/share/piwiz/srprompt.wav' : Signed 16 bit Little Endian, Rate 22050 Hz, Mono
Playing WAVE '/usr/share/piwiz/srprompt.wav' : Signed 16 bit Little Endian, Rate 22050 Hz, Mono
Playing WAVE '/usr/share/piwiz/srprompt.wav' : Signed 16 bit Little Endian, Rate 22050 Hz, Mono
Playing WAVE '/usr/share/piwiz/srprompt.wav' : Signed 16 bit Little Endian, Rate 22050 Hz, Mono
Playing WAVE '/usr/share/piwiz/srprompt.wav' : Signed 16 bit Little Endian, Rate 22050 Hz, Mono
Playing WAVE '/usr/share/piwiz/srprompt.wav' : Signed 16 bit Little Endian, Rate 22050 Hz, Mono
Playing WAVE '/usr/share/piwiz/srprompt.wav' : Signed 16 bit Little Endian, Rate 22050 Hz, Mono
Playing WAVE '/usr/share/piwiz/srprompt.wav' : Signed 16 bit Little Endian, Rate 22050 Hz, Mono
Playing WAVE '/usr/share/piwiz/srprompt.wav' : Signed 16 bit Little Endian, Rate 22050 Hz, Mono
Playing WAVE '/usr/share/piwiz/srprompt.wav' : Signed 16 bit Little Endian, Rate 22050 Hz, Mono
Playing WAVE '/usr/share/piwiz/srprompt.wav' : Signed 16 bit Little Endian, Rate 22050 Hz, Mono
Playing WAVE '/usr/share/piwiz/srprompt.wav' : Signed 16 bit Little Endian, Rate 22050 Hz, Mono
Playing WAVE '/usr/share/piwiz/srprompt.wav' : Signed 16 bit Little Endian, Rate 22050 Hz, Mono
Playing WAVE '/usr/share/piwiz/srprompt.wav' : Signed 16 bit Little Endian, Rate 22050 Hz, Mono
Playing WAVE '/usr/share/piwiz/srprompt.wav' : Signed 16 bit Little Endian, Rate 22050 Hz, Mono
Playing WAVE '/usr/share/piwiz/srprompt.wav' : Signed 16 bit Little Endian, Rate 22050 Hz, Mono
Playing WAVE '/usr/share/piwiz/srprompt.wav' : Signed 16 bit Little Endian, Rate 22050 Hz, Mono
Playing WAVE '/usr/share/piwiz/srprompt.wav' : Signed 16 bit Little Endian, Rate 22050 Hz, Mono
Playing WAVE '/usr/share/piwiz/srprompt.wav' : Signed 16 bit Little Endian, Rate 22050 Hz, Mono
Playing WAVE '/usr/share/piwiz/srprompt.wav' : Signed 16 bit Little Endian, Rate 22050 Hz, Mono
Playing WAVE '/usr/share/piwiz/srprompt.wav' : Signed 16 bit Little Endian, Rate 22050 Hz, Mono
Playing WAVE '/usr/share/piwiz/srprompt.wav' : Signed 16 bit Little Endian, Rate 22050 Hz, Mono
Playing WAVE '/usr/share/piwiz/srprompt.wav' : Signed 16 bit Little Endian, Rate 22050 Hz, Mono
Playing WAVE '/usr/share/piwiz/srprompt.wav' : Signed 16 bit Little Endian, Rate 22050 Hz, Mono
Playing WAVE '/usr/share/piwiz/srprompt.wav' : Signed 16 bit Little Endian, Rate 22050 Hz, Mono
Playing WAVE '/usr/share/piwiz/srprompt.wav' : Signed 16 bit Little Endian, Rate 22050 Hz, Mono
Playing WAVE '/usr/share/piwiz/srprompt.wav' : Signed 16 bit Little Endian, Rate 22050 Hz, Mono
Playing WAVE '/usr/share/piwiz/srprompt.wav' : Signed 16 bit Little Endian, Rate 22050 Hz, Mono
Playing WAVE '/usr/share/piwiz/srprompt.wav' : Signed 16 bit Little Endian, Rate 22050 Hz, Mono
Playing WAVE '/usr/share/piwiz/srprompt.wav' : Signed 16 bit Little Endian, Rate 22050 Hz, Mono
Playing WAVE '/usr/share/piwiz/srprompt.wav' : Signed 16 bit Little Endian, Rate 22050 Hz, Mono
Playing WAVE '/usr/share/piwiz/srprompt.wav' : Signed 16 bit Little Endian, Rate 22050 Hz, Mono
Playing WAVE '/usr/share/piwiz/srprompt.wav' : Signed 16 bit Little Endian, Rate 22050 Hz, Mono
Playing WAVE '/usr/share/piwiz/srprompt.wav' : Signed 16 bit Little Endian, Rate 22050 Hz, Mono
Playing WAVE '/usr/share/piwiz/srprompt.wav' : Signed 16 bit Little Endian, Rate 22050 Hz, Mono
Playing WAVE '/usr/share/piwiz/srprompt.wav' : Signed 16 bit Little Endian, Rate 22050 Hz, Mono
Playing WAVE '/usr/share/piwiz/srprompt.wav' : Signed 16 bit Little Endian, Rate 22050 Hz, Mono
Playing WAVE '/usr/share/piwiz/srprompt.wav' : Signed 16 bit Little Endian, Rate 22050 Hz, Mono
Playing WAVE '/usr/share/piwiz/srprompt.wav' : Signed 16 bit Little Endian, Rate 22050 Hz, Mono
Playing WAVE '/usr/share/piwiz/srprompt.wav' : Signed 16 bit Little Endian, Rate 22050 Hz, Mono
Playing WAVE '/usr/share/piwiz/srprompt.wav' : Signed 16 bit Little Endian, Rate 22050 Hz, Mono
Playing WAVE '/usr/share/piwiz/srprompt.wav' : Signed 16 bit Little Endian, Rate 22050 Hz, Mono
Playing WAVE '/usr/share/piwiz/srprompt.wav' : Signed 16 bit Little Endian, Rate 22050 Hz, Mono
Playing WAVE '/usr/share/piwiz/srprompt.wav' : Signed 16 bit Little Endian, Rate 22050 Hz, Mono
Playing WAVE '/usr/share/piwiz/srprompt.wav' : Signed 16 bit Little Endian, Rate 22050 Hz, Mono
Playing WAVE '/usr/share/piwiz/srprompt.wav' : Signed 16 bit Little Endian, Rate 22050 Hz, Mono
Playing WAVE '/usr/share/piwiz/srprompt.wav' : Signed 16 bit Little Endian, Rate 22050 Hz, Mono
Playing WAVE '/usr/share/piwiz/srprompt.wav' : Signed 16 bit Little Endian, Rate 22050 Hz, Mono
Playing WAVE '/usr/share/piwiz/srprompt.wav' : Signed 16 bit Little Endian, Rate 22050 Hz, Mono
Playing WAVE '/usr/share/piwiz/srprompt.wav' : Signed 16 bit Little Endian, Rate 22050 Hz, Mono
Playing WAVE '/usr/share/piwiz/srprompt.wav' : Signed 16 bit Little Endian, Rate 22050 Hz, Mono
Playing WAVE '/usr/share/piwiz/srprompt.wav' : Signed 16 bit Little Endian, Rate 22050 Hz, Mono
Playing WAVE '/usr/share/piwiz/srprompt.wav' : Signed 16 bit Little Endian, Rate 22050 Hz, Mono
Playing WAVE '/usr/share/piwiz/srprompt.wav' : Signed 16 bit Little Endian, Rate 22050 Hz, Mono
Playing WAVE '/usr/share/piwiz/srprompt.wav' : Signed 16 bit Little Endian, Rate 22050 Hz, Mono
Playing WAVE '/usr/share/piwiz/srprompt.wav' : Signed 16 bit Little Endian, Rate 22050 Hz, Mono
Playing WAVE '/usr/share/piwiz/srprompt.wav' : Signed 16 bit Little Endian, Rate 22050 Hz, Mono
Playing WAVE '/usr/share/piwiz/srprompt.wav' : Signed 16 bit Little Endian, Rate 22050 Hz, Mono
Playing WAVE '/usr/share/piwiz/srprompt.wav' : Signed 16 bit Little Endian, Rate 22050 Hz, Mono
Playing WAVE '/usr/share/piwiz/srprompt.wav' : Signed 16 bit Little Endian, Rate 22050 Hz, Mono
Playing WAVE '/usr/share/piwiz/srprompt.wav' : Signed 16 bit Little Endian, Rate 22050 Hz, Mono
Playing WAVE '/usr/share/piwiz/srprompt.wav' : Signed 16 bit Little Endian, Rate 22050 Hz, Mono
Playing WAVE '/usr/share/piwiz/srprompt.wav' : Signed 16 bit Little Endian, Rate 22050 Hz, Mono
Playing WAVE '/usr/share/piwiz/srprompt.wav' : Signed 16 bit Little Endian, Rate 22050 Hz, Mono
Playing WAVE '/usr/share/piwiz/srprompt.wav' : Signed 16 bit Little Endian, Rate 22050 Hz, Mono
Playing WAVE '/usr/share/piwiz/srprompt.wav' : Signed 16 bit Little Endian, Rate 22050 Hz, Mono
Playing WAVE '/usr/share/piwiz/srprompt.wav' : Signed 16 bit Little Endian, Rate 22050 Hz, Mono
Playing WAVE '/usr/share/piwiz/srprompt.wav' : Signed 16 bit Little Endian, Rate 22050 Hz, Mono
Playing WAVE '/usr/share/piwiz/srprompt.wav' : Signed 16 bit Little Endian, Rate 22050 Hz, Mono
Playing WAVE '/usr/share/piwiz/srprompt.wav' : Signed 16 bit Little Endian, Rate 22050 Hz, Mono
Playing WAVE '/usr/share/piwiz/srprompt.wav' : Signed 16 bit Little Endian, Rate 22050 Hz, Mono
Playing WAVE '/usr/share/piwiz/srprompt.wav' : Signed 16 bit Little Endian, Rate 22050 Hz, Mono
Playing WAVE '/usr/share/piwiz/srprompt.wav' : Signed 16 bit Little Endian, Rate 22050 Hz, Mono
Playing WAVE '/usr/share/piwiz/srprompt.wav' : Signed 16 bit Little Endian, Rate 22050 Hz, Mono
Playing WAVE '/usr/share/piwiz/srprompt.wav' : Signed 16 bit Little Endian, Rate 22050 Hz, Mono
Playing WAVE '/usr/share/piwiz/srprompt.wav' : Signed 16 bit Little Endian, Rate 22050 Hz, Mono
Playing WAVE '/usr/share/piwiz/srprompt.wav' : Signed 16 bit Little Endian, Rate 22050 Hz, Mono
Playing WAVE '/usr/share/piwiz/srprompt.wav' : Signed 16 bit Little Endian, Rate 22050 Hz, Mono
Playing WAVE '/usr/share/piwiz/srprompt.wav' : Signed 16 bit Little Endian, Rate 22050 Hz, Mono
Playing WAVE '/usr/share/piwiz/srprompt.wav' : Signed 16 bit Little Endian, Rate 22050 Hz, Mono
Playing WAVE '/usr/share/piwiz/srprompt.wav' : Signed 16 bit Little Endian, Rate 22050 Hz, Mono
Playing WAVE '/usr/share/piwiz/srprompt.wav' : Signed 16 bit Little Endian, Rate 22050 Hz, Mono
Playing WAVE '/usr/share/piwiz/srprompt.wav' : Signed 16 bit Little Endian, Rate 22050 Hz, Mono
Playing WAVE '/usr/share/piwiz/srprompt.wav' : Signed 16 bit Little Endian, Rate 22050 Hz, Mono
Playing WAVE '/usr/share/piwiz/srprompt.wav' : Signed 16 bit Little Endian, Rate 22050 Hz, Mono
Playing WAVE '/usr/share/piwiz/srprompt.wav' : Signed 16 bit Little Endian, Rate 22050 Hz, Mono
Playing WAVE '/usr/share/piwiz/srprompt.wav' : Signed 16 bit Little Endian, Rate 22050 Hz, Mono
Playing WAVE '/usr/share/piwiz/srprompt.wav' : Signed 16 bit Little Endian, Rate 22050 Hz, Mono
Playing WAVE '/usr/share/piwiz/srprompt.wav' : Signed 16 bit Little Endian, Rate 22050 Hz, Mono
Playing WAVE '/usr/share/piwiz/srprompt.wav' : Signed 16 bit Little Endian, Rate 22050 Hz, Mono
Playing WAVE '/usr/share/piwiz/srprompt.wav' : Signed 16 bit Little Endian, Rate 22050 Hz, Mono
Playing WAVE '/usr/share/piwiz/srprompt.wav' : Signed 16 bit Little Endian, Rate 22050 Hz, Mono
Playing WAVE '/usr/share/piwiz/srprompt.wav' : Signed 16 bit Little Endian, Rate 22050 Hz, Mono
Playing WAVE '/usr/share/piwiz/srprompt.wav' : Signed 16 bit Little Endian, Rate 22050 Hz, Mono
Playing WAVE '/usr/share/piwiz/srprompt.wav' : Signed 16 bit Little Endian, Rate 22050 Hz, Mono
Playing WAVE '/usr/share/piwiz/srprompt.wav' : Signed 16 bit Little Endian, Rate 22050 Hz, Mono
Playing WAVE '/usr/share/piwiz/srprompt.wav' : Signed 16 bit Little Endian, Rate 22050 Hz, Mono
Playing WAVE '/usr/share/piwiz/srprompt.wav' : Signed 16 bit Little Endian, Rate 22050 Hz, Mono
Playing WAVE '/usr/share/piwiz/srprompt.wav' : Signed 16 bit Little Endian, Rate 22050 Hz, Mono
Playing WAVE '/usr/share/piwiz/srprompt.wav' : Signed 16 bit Little Endian, Rate 22050 Hz, Mono
Playing WAVE '/usr/share/piwiz/srprompt.wav' : Signed 16 bit Little Endian, Rate 22050 Hz, Mono
Playing WAVE '/usr/share/piwiz/srprompt.wav' : Signed 16 bit Little Endian, Rate 22050 Hz, Mono
Playing WAVE '/usr/share/piwiz/srprompt.wav' : Signed 16 bit Little Endian, Rate 22050 Hz, Mono
Playing WAVE '/usr/share/piwiz/srprompt.wav' : Signed 16 bit Little Endian, Rate 22050 Hz, Mono
Playing WAVE '/usr/share/piwiz/srprompt.wav' : Signed 16 bit Little Endian, Rate 22050 Hz, Mono
Playing WAVE '/usr/share/piwiz/srprompt.wav' : Signed 16 bit Little Endian, Rate 22050 Hz, Mono
Playing WAVE '/usr/share/piwiz/srprompt.wav' : Signed 16 bit Little Endian, Rate 22050 Hz, Mono
Playing WAVE '/usr/share/piwiz/srprompt.wav' : Signed 16 bit Little Endian, Rate 22050 Hz, Mono
Playing WAVE '/usr/share/piwiz/srprompt.wav' : Signed 16 bit Little Endian, Rate 22050 Hz, Mono
Playing WAVE '/usr/share/piwiz/srprompt.wav' : Signed 16 bit Little Endian, Rate 22050 Hz, Mono
Playing WAVE '/usr/share/piwiz/srprompt.wav' : Signed 16 bit Little Endian, Rate 22050 Hz, Mono
Playing WAVE '/usr/share/piwiz/srprompt.wav' : Signed 16 bit Little Endian, Rate 22050 Hz, Mono
Playing WAVE '/usr/share/piwiz/srprompt.wav' : Signed 16 bit Little Endian, Rate 22050 Hz, Mono
Playing WAVE '/usr/share/piwiz/srprompt.wav' : Signed 16 bit Little Endian, Rate 22050 Hz, Mono
Playing WAVE '/usr/share/piwiz/srprompt.wav' : Signed 16 bit Little Endian, Rate 22050 Hz, Mono
Playing WAVE '/usr/share/piwiz/srprompt.wav' : Signed 16 bit Little Endian, Rate 22050 Hz, Mono
Playing WAVE '/usr/share/piwiz/srprompt.wav' : Signed 16 bit Little Endian, Rate 22050 Hz, Mono
Playing WAVE '/usr/share/piwiz/srprompt.wav' : Signed 16 bit Little Endian, Rate 22050 Hz, Mono
Playing WAVE '/usr/share/piwiz/srprompt.wav' : Signed 16 bit Little Endian, Rate 22050 Hz, Mono
Playing WAVE '/usr/share/piwiz/srprompt.wav' : Signed 16 bit Little Endian, Rate 22050 Hz, Mono
Playing WAVE '/usr/share/piwiz/srprompt.wav' : Signed 16 bit Little Endian, Rate 22050 Hz, Mono
Playing WAVE '/usr/share/piwiz/srprompt.wav' : Signed 16 bit Little Endian, Rate 22050 Hz, Mono
Playing WAVE '/usr/share/piwiz/srprompt.wav' : Signed 16 bit Little Endian, Rate 22050 Hz, Mono
Playing WAVE '/usr/share/piwiz/srprompt.wav' : Signed 16 bit Little Endian, Rate 22050 Hz, Mono
Playing WAVE '/usr/share/piwiz/srprompt.wav' : Signed 16 bit Little Endian, Rate 22050 Hz, Mono
Playing WAVE '/usr/share/piwiz/srprompt.wav' : Signed 16 bit Little Endian, Rate 22050 Hz, Mono
Playing WAVE '/usr/share/piwiz/srprompt.wav' : Signed 16 bit Little Endian, Rate 22050 Hz, Mono
Playing WAVE '/usr/share/piwiz/srprompt.wav' : Signed 16 bit Little Endian, Rate 22050 Hz, Mono
Playing WAVE '/usr/share/piwiz/srprompt.wav' : Signed 16 bit Little Endian, Rate 22050 Hz, Mono
Playing WAVE '/usr/share/piwiz/srprompt.wav' : Signed 16 bit Little Endian, Rate 22050 Hz, Mono
Playing WAVE '/usr/share/piwiz/srprompt.wav' : Signed 16 bit Little Endian, Rate 22050 Hz, Mono
Playing WAVE '/usr/share/piwiz/srprompt.wav' : Signed 16 bit Little Endian, Rate 22050 Hz, Mono
Playing WAVE '/usr/share/piwiz/srprompt.wav' : Signed 16 bit Little Endian, Rate 22050 Hz, Mono
Playing WAVE '/usr/share/piwiz/srprompt.wav' : Signed 16 bit Little Endian, Rate 22050 Hz, Mono
Playing WAVE '/usr/share/piwiz/srprompt.wav' : Signed 16 bit Little Endian, Rate 22050 Hz, Mono
Playing WAVE '/usr/share/piwiz/srprompt.wav' : Signed 16 bit Little Endian, Rate 22050 Hz, Mono
Playing WAVE '/usr/share/piwiz/srprompt.wav' : Signed 16 bit Little Endian, Rate 22050 Hz, Mono
Playing WAVE '/usr/share/piwiz/srprompt.wav' : Signed 16 bit Little Endian, Rate 22050 Hz, Mono
Playing WAVE '/usr/share/piwiz/srprompt.wav' : Signed 16 bit Little Endian, Rate 22050 Hz, Mono
Playing WAVE '/usr/share/piwiz/srprompt.wav' : Signed 16 bit Little Endian, Rate 22050 Hz, Mono
Playing WAVE '/usr/share/piwiz/srprompt.wav' : Signed 16 bit Little Endian, Rate 22050 Hz, Mono
Playing WAVE '/usr/share/piwiz/srprompt.wav' : Signed 16 bit Little Endian, Rate 22050 Hz, Mono
Playing WAVE '/usr/share/piwiz/srprompt.wav' : Signed 16 bit Little Endian, Rate 22050 Hz, Mono
Playing WAVE '/usr/share/piwiz/srprompt.wav' : Signed 16 bit Little Endian, Rate 22050 Hz, Mono
Playing WAVE '/usr/share/piwiz/srprompt.wav' : Signed 16 bit Little Endian, Rate 22050 Hz, Mono
Playing WAVE '/usr/share/piwiz/srprompt.wav' : Signed 16 bit Little Endian, Rate 22050 Hz, Mono
Playing WAVE '/usr/share/piwiz/srprompt.wav' : Signed 16 bit Little Endian, Rate 22050 Hz, Mono
Playing WAVE '/usr/share/piwiz/srprompt.wav' : Signed 16 bit Little Endian, Rate 22050 Hz, Mono
Playing WAVE '/usr/share/piwiz/srprompt.wav' : Signed 16 bit Little Endian, Rate 22050 Hz, Mono
Playing WAVE '/usr/share/piwiz/srprompt.wav' : Signed 16 bit Little Endian, Rate 22050 Hz, Mono
Playing WAVE '/usr/share/piwiz/srprompt.wav' : Signed 16 bit Little Endian, Rate 22050 Hz, Mono
Playing WAVE '/usr/share/piwiz/srprompt.wav' : Signed 16 bit Little Endian, Rate 22050 Hz, Mono
Playing WAVE '/usr/share/piwiz/srprompt.wav' : Signed 16 bit Little Endian, Rate 22050 Hz, Mono
Playing WAVE '/usr/share/piwiz/srprompt.wav' : Signed 16 bit Little Endian, Rate 22050 Hz, Mono
Playing WAVE '/usr/share/piwiz/srprompt.wav' : Signed 16 bit Little Endian, Rate 22050 Hz, Mono
Playing WAVE '/usr/share/piwiz/srprompt.wav' : Signed 16 bit Little Endian, Rate 22050 Hz, Mono
Playing WAVE '/usr/share/piwiz/srprompt.wav' : Signed 16 bit Little Endian, Rate 22050 Hz, Mono
Playing WAVE '/usr/share/piwiz/srprompt.wav' : Signed 16 bit Little Endian, Rate 22050 Hz, Mono
Playing WAVE '/usr/share/piwiz/srprompt.wav' : Signed 16 bit Little Endian, Rate 22050 Hz, Mono
Playing WAVE '/usr/share/piwiz/srprompt.wav' : Signed 16 bit Little Endian, Rate 22050 Hz, Mono
Playing WAVE '/usr/share/piwiz/srprompt.wav' : Signed 16 bit Little Endian, Rate 22050 Hz, Mono
Playing WAVE '/usr/share/piwiz/srprompt.wav' : Signed 16 bit Little Endian, Rate 22050 Hz, Mono
Playing WAVE '/usr/share/piwiz/srprompt.wav' : Signed 16 bit Little Endian, Rate 22050 Hz, Mono
Playing WAVE '/usr/share/piwiz/srprompt.wav' : Signed 16 bit Little Endian, Rate 22050 Hz, Mono
Playing WAVE '/usr/share/piwiz/srprompt.wav' : Signed 16 bit Little Endian, Rate 22050 Hz, Mono
Playing WAVE '/usr/share/piwiz/srprompt.wav' : Signed 16 bit Little Endian, Rate 22050 Hz, Mono
Playing WAVE '/usr/share/piwiz/srprompt.wav' : Signed 16 bit Little Endian, Rate 22050 Hz, Mono
Playing WAVE '/usr/share/piwiz/srprompt.wav' : Signed 16 bit Little Endian, Rate 22050 Hz, Mono
Playing WAVE '/usr/share/piwiz/srprompt.wav' : Signed 16 bit Little Endian, Rate 22050 Hz, Mono
Playing WAVE '/usr/share/piwiz/srprompt.wav' : Signed 16 bit Little Endian, Rate 22050 Hz, Mono
Playing WAVE '/usr/share/piwiz/srprompt.wav' : Signed 16 bit Little Endian, Rate 22050 Hz, Mono
Playing WAVE '/usr/share/piwiz/srprompt.wav' : Signed 16 bit Little Endian, Rate 22050 Hz, Mono
Playing WAVE '/usr/share/piwiz/srprompt.wav' : Signed 16 bit Little Endian, Rate 22050 Hz, Mono
Playing WAVE '/usr/share/piwiz/srprompt.wav' : Signed 16 bit Little Endian, Rate 22050 Hz, Mono
Playing WAVE '/usr/share/piwiz/srprompt.wav' : Signed 16 bit Little Endian, Rate 22050 Hz, Mono
Playing WAVE '/usr/share/piwiz/srprompt.wav' : Signed 16 bit Little Endian, Rate 22050 Hz, Mono
Playing WAVE '/usr/share/piwiz/srprompt.wav' : Signed 16 bit Little Endian, Rate 22050 Hz, Mono
Playing WAVE '/usr/share/piwiz/srprompt.wav' : Signed 16 bit Little Endian, Rate 22050 Hz, Mono
Playing WAVE '/usr/share/piwiz/srprompt.wav' : Signed 16 bit Little Endian, Rate 22050 Hz, Mono
Playing WAVE '/usr/share/piwiz/srprompt.wav' : Signed 16 bit Little Endian, Rate 22050 Hz, Mono
Playing WAVE '/usr/share/piwiz/srprompt.wav' : Signed 16 bit Little Endian, Rate 22050 Hz, Mono
Playing WAVE '/usr/share/piwiz/srprompt.wav' : Signed 16 bit Little Endian, Rate 22050 Hz, Mono
Playing WAVE '/usr/share/piwiz/srprompt.wav' : Signed 16 bit Little Endian, Rate 22050 Hz, Mono
Playing WAVE '/usr/share/piwiz/srprompt.wav' : Signed 16 bit Little Endian, Rate 22050 Hz, Mono
Playing WAVE '/usr/share/piwiz/srprompt.wav' : Signed 16 bit Little Endian, Rate 22050 Hz, Mono
Playing WAVE '/usr/share/piwiz/srprompt.wav' : Signed 16 bit Little Endian, Rate 22050 Hz, Mono
Playing WAVE '/usr/share/piwiz/srprompt.wav' : Signed 16 bit Little Endian, Rate 22050 Hz, Mono
Playing WAVE '/usr/share/piwiz/srprompt.wav' : Signed 16 bit Little Endian, Rate 22050 Hz, Mono
Playing WAVE '/usr/share/piwiz/srprompt.wav' : Signed 16 bit Little Endian, Rate 22050 Hz, Mono
Playing WAVE '/usr/share/piwiz/srprompt.wav' : Signed 16 bit Little Endian, Rate 22050 Hz, Mono
Playing WAVE '/usr/share/piwiz/srprompt.wav' : Signed 16 bit Little Endian, Rate 22050 Hz, Mono
Playing WAVE '/usr/share/piwiz/srprompt.wav' : Signed 16 bit Little Endian, Rate 22050 Hz, Mono
Playing WAVE '/usr/share/piwiz/srprompt.wav' : Signed 16 bit Little Endian, Rate 22050 Hz, Mono
Playing WAVE '/usr/share/piwiz/srprompt.wav' : Signed 16 bit Little Endian, Rate 22050 Hz, Mono
Playing WAVE '/usr/share/piwiz/srprompt.wav' : Signed 16 bit Little Endian, Rate 22050 Hz, Mono
Playing WAVE '/usr/share/piwiz/srprompt.wav' : Signed 16 bit Little Endian, Rate 22050 Hz, Mono
Playing WAVE '/usr/share/piwiz/srprompt.wav' : Signed 16 bit Little Endian, Rate 22050 Hz, Mono
Playing WAVE '/usr/share/piwiz/srprompt.wav' : Signed 16 bit Little Endian, Rate 22050 Hz, Mono
Playing WAVE '/usr/share/piwiz/srprompt.wav' : Signed 16 bit Little Endian, Rate 22050 Hz, Mono
Playing WAVE '/usr/share/piwiz/srprompt.wav' : Signed 16 bit Little Endian, Rate 22050 Hz, Mono
Playing WAVE '/usr/share/piwiz/srprompt.wav' : Signed 16 bit Little Endian, Rate 22050 Hz, Mono
Playing WAVE '/usr/share/piwiz/srprompt.wav' : Signed 16 bit Little Endian, Rate 22050 Hz, Mono
Playing WAVE '/usr/share/piwiz/srprompt.wav' : Signed 16 bit Little Endian, Rate 22050 Hz, Mono
Playing WAVE '/usr/share/piwiz/srprompt.wav' : Signed 16 bit Little Endian, Rate 22050 Hz, Mono
Playing WAVE '/usr/share/piwiz/srprompt.wav' : Signed 16 bit Little Endian, Rate 22050 Hz, Mono
Playing WAVE '/usr/share/piwiz/srprompt.wav' : Signed 16 bit Little Endian, Rate 22050 Hz, Mono
Playing WAVE '/usr/share/piwiz/srprompt.wav' : Signed 16 bit Little Endian, Rate 22050 Hz, Mono
Playing WAVE '/usr/share/piwiz/srprompt.wav' : Signed 16 bit Little Endian, Rate 22050 Hz, Mono
Playing WAVE '/usr/share/piwiz/srprompt.wav' : Signed 16 bit Little Endian, Rate 22050 Hz, Mono
Playing WAVE '/usr/share/piwiz/srprompt.wav' : Signed 16 bit Little Endian, Rate 22050 Hz, Mono
Playing WAVE '/usr/share/piwiz/srprompt.wav' : Signed 16 bit Little Endian, Rate 22050 Hz, Mono
Playing WAVE '/usr/share/piwiz/srprompt.wav' : Signed 16 bit Little Endian, Rate 22050 Hz, Mono
Playing WAVE '/usr/share/piwiz/srprompt.wav' : Signed 16 bit Little Endian, Rate 22050 Hz, Mono
Playing WAVE '/usr/share/piwiz/srprompt.wav' : Signed 16 bit Little Endian, Rate 22050 Hz, Mono
Playing WAVE '/usr/share/piwiz/srprompt.wav' : Signed 16 bit Little Endian, Rate 22050 Hz, Mono
Playing WAVE '/usr/share/piwiz/srprompt.wav' : Signed 16 bit Little Endian, Rate 22050 Hz, Mono
Playing WAVE '/usr/share/piwiz/srprompt.wav' : Signed 16 bit Little Endian, Rate 22050 Hz, Mono
Playing WAVE '/usr/share/piwiz/srprompt.wav' : Signed 16 bit Little Endian, Rate 22050 Hz, Mono
Playing WAVE '/usr/share/piwiz/srprompt.wav' : Signed 16 bit Little Endian, Rate 22050 Hz, Mono
Playing WAVE '/usr/share/piwiz/srprompt.wav' : Signed 16 bit Little Endian, Rate 22050 Hz, Mono
Playing WAVE '/usr/share/piwiz/srprompt.wav' : Signed 16 bit Little Endian, Rate 22050 Hz, Mono
Playing WAVE '/usr/share/piwiz/srprompt.wav' : Signed 16 bit Little Endian, Rate 22050 Hz, Mono
Playing WAVE '/usr/share/piwiz/srprompt.wav' : Signed 16 bit Little Endian, Rate 22050 Hz, Mono
Playing WAVE '/usr/share/piwiz/srprompt.wav' : Signed 16 bit Little Endian, Rate 22050 Hz, Mono
Playing WAVE '/usr/share/piwiz/srprompt.wav' : Signed 16 bit Little Endian, Rate 22050 Hz, Mono
Playing WAVE '/usr/share/piwiz/srprompt.wav' : Signed 16 bit Little Endian, Rate 22050 Hz, Mono
Playing WAVE '/usr/share/piwiz/srprompt.wav' : Signed 16 bit Little Endian, Rate 22050 Hz, Mono
Playing WAVE '/usr/share/piwiz/srprompt.wav' : Signed 16 bit Little Endian, Rate 22050 Hz, Mono
Playing WAVE '/usr/share/piwiz/srprompt.wav' : Signed 16 bit Little Endian, Rate 22050 Hz, Mono
Playing WAVE '/usr/share/piwiz/srprompt.wav' : Signed 16 bit Little Endian, Rate 22050 Hz, Mono
Playing WAVE '/usr/share/piwiz/srprompt.wav' : Signed 16 bit Little Endian, Rate 22050 Hz, Mono
Playing WAVE '/usr/share/piwiz/srprompt.wav' : Signed 16 bit Little Endian, Rate 22050 Hz, Mono
Playing WAVE '/usr/share/piwiz/srprompt.wav' : Signed 16 bit Little Endian, Rate 22050 Hz, Mono
Playing WAVE '/usr/share/piwiz/srprompt.wav' : Signed 16 bit Little Endian, Rate 22050 Hz, Mono
Playing WAVE '/usr/share/piwiz/srprompt.wav' : Signed 16 bit Little Endian, Rate 22050 Hz, Mono
Playing WAVE '/usr/share/piwiz/srprompt.wav' : Signed 16 bit Little Endian, Rate 22050 Hz, Mono
Playing WAVE '/usr/share/piwiz/srprompt.wav' : Signed 16 bit Little Endian, Rate 22050 Hz, Mono
Playing WAVE '/usr/share/piwiz/srprompt.wav' : Signed 16 bit Little Endian, Rate 22050 Hz, Mono
Playing WAVE '/usr/share/piwiz/srprompt.wav' : Signed 16 bit Little Endian, Rate 22050 Hz, Mono
Playing WAVE '/usr/share/piwiz/srprompt.wav' : Signed 16 bit Little Endian, Rate 22050 Hz, Mono
Playing WAVE '/usr/share/piwiz/srprompt.wav' : Signed 16 bit Little Endian, Rate 22050 Hz, Mono
Playing WAVE '/usr/share/piwiz/srprompt.wav' : Signed 16 bit Little Endian, Rate 22050 Hz, Mono
Playing WAVE '/usr/share/piwiz/srprompt.wav' : Signed 16 bit Little Endian, Rate 22050 Hz, Mono
Playing WAVE '/usr/share/piwiz/srprompt.wav' : Signed 16 bit Little Endian, Rate 22050 Hz, Mono
Playing WAVE '/usr/share/piwiz/srprompt.wav' : Signed 16 bit Little Endian, Rate 22050 Hz, Mono
Playing WAVE '/usr/share/piwiz/srprompt.wav' : Signed 16 bit Little Endian, Rate 22050 Hz, Mono
Playing WAVE '/usr/share/piwiz/srprompt.wav' : Signed 16 bit Little Endian, Rate 22050 Hz, Mono
Playing WAVE '/usr/share/piwiz/srprompt.wav' : Signed 16 bit Little Endian, Rate 22050 Hz, Mono
Playing WAVE '/usr/share/piwiz/srprompt.wav' : Signed 16 bit Little Endian, Rate 22050 Hz, Mono
Playing WAVE '/usr/share/piwiz/srprompt.wav' : Signed 16 bit Little Endian, Rate 22050 Hz, Mono
Playing WAVE '/usr/share/piwiz/srprompt.wav' : Signed 16 bit Little Endian, Rate 22050 Hz, Mono
Playing WAVE '/usr/share/piwiz/srprompt.wav' : Signed 16 bit Little Endian, Rate 22050 Hz, Mono
Playing WAVE '/usr/share/piwiz/srprompt.wav' : Signed 16 bit Little Endian, Rate 22050 Hz, Mono
Playing WAVE '/usr/share/piwiz/srprompt.wav' : Signed 16 bit Little Endian, Rate 22050 Hz, Mono
